"C:/Users/bot_/Desktop/HR-ASSESMENT/Assesment/Content/Geometry/Meshes/CubeMaterial.uasset" 0
"C:/Users/bot_/Desktop/HR-ASSESMENT/Assesment/Content/Geometry/Meshes/CubeMaterial.uexp" 1
"C:/Users/bot_/Desktop/HR-ASSESMENT/Assesment/Content/Geometry/Meshes/1M_Cube.uasset" 2
"C:/Users/bot_/Desktop/HR-ASSESMENT/Assesment/Content/Geometry/Meshes/1M_Cube.uexp" 3
"C:/Users/bot_/Desktop/HR-ASSESMENT/Assesment/Content/Geometry/Meshes/1M_Cube_Chamfer.uasset" 4
"C:/Users/bot_/Desktop/HR-ASSESMENT/Assesment/Content/Geometry/Meshes/1M_Cube_Chamfer.uexp" 5
"C:/Users/bot_/Desktop/HR-ASSESMENT/Assesment/Content/Geometry/Meshes/TemplateFloor.uasset" 6
"C:/Users/bot_/Desktop/HR-ASSESMENT/Assesment/Content/Geometry/Meshes/TemplateFloor.uexp" 7
"C:/Users/bot_/Desktop/HR-ASSESMENT/Assesment/Content/Mannequin/Character/Mesh/SK_Mannequin_Skeleton.uasset" 8
"C:/Users/bot_/Desktop/HR-ASSESMENT/Assesment/Content/Mannequin/Character/Mesh/SK_Mannequin_Skeleton.uexp" 9
"C:/Users/bot_/Desktop/HR-ASSESMENT/Assesment/Content/Mannequin/Animations/ThirdPerson_Jump.uasset" 10
"C:/Users/bot_/Desktop/HR-ASSESMENT/Assesment/Content/Mannequin/Animations/ThirdPerson_Jump.uexp" 11
"C:/Users/bot_/Desktop/HR-ASSESMENT/Assesment/Content/Mannequin/Character/Mesh/SK_Mannequin_PhysicsAsset.uasset" 12
"C:/Users/bot_/Desktop/HR-ASSESMENT/Assesment/Content/Mannequin/Character/Mesh/SK_Mannequin_PhysicsAsset.uexp" 13
"C:/Users/bot_/Desktop/HR-ASSESMENT/Assesment/Content/ThirdPerson/Meshes/RampMaterial.uasset" 14
"C:/Users/bot_/Desktop/HR-ASSESMENT/Assesment/Content/ThirdPerson/Meshes/RampMaterial.uexp" 15
"C:/Users/bot_/Desktop/HR-ASSESMENT/Assesment/Content/ThirdPerson/Meshes/LeftArm_StaticMesh.uasset" 16
"C:/Users/bot_/Desktop/HR-ASSESMENT/Assesment/Content/ThirdPerson/Meshes/LeftArm_StaticMesh.uexp" 17
"C:/Users/bot_/Desktop/HR-ASSESMENT/Assesment/Content/ThirdPerson/Meshes/Linear_Stair_StaticMesh.uasset" 18
"C:/Users/bot_/Desktop/HR-ASSESMENT/Assesment/Content/ThirdPerson/Meshes/Linear_Stair_StaticMesh.uexp" 19
"C:/Users/bot_/Desktop/HR-ASSESMENT/Assesment/Content/ThirdPerson/Meshes/Ramp_StaticMesh.uasset" 20
"C:/Users/bot_/Desktop/HR-ASSESMENT/Assesment/Content/ThirdPerson/Meshes/Ramp_StaticMesh.uexp" 21
"C:/Users/bot_/Desktop/HR-ASSESMENT/Assesment/Content/ThirdPerson/Meshes/RightArm_StaticMesh.uasset" 22
"C:/Users/bot_/Desktop/HR-ASSESMENT/Assesment/Content/ThirdPerson/Meshes/RightArm_StaticMesh.uexp" 23
"C:/Users/bot_/Desktop/HR-ASSESMENT/Assesment/Content/ThirdPersonBP/Sound/movement-swipe-whoosh-3-186577.uasset" 24
"C:/Users/bot_/Desktop/HR-ASSESMENT/Assesment/Content/ThirdPersonBP/Sound/movement-swipe-whoosh-3-186577.uexp" 25
"C:/Users/bot_/Desktop/HR-ASSESMENT/Assesment/Content/ThirdPersonBP/Sound/cartoon-jump-6462.uasset" 26
"C:/Users/bot_/Desktop/HR-ASSESMENT/Assesment/Content/ThirdPersonBP/Sound/cartoon-jump-6462.uexp" 27
"C:/Users/bot_/Desktop/HR-ASSESMENT/Assesment/Content/ThirdPersonBP/Other/WG_Score.uasset" 28
"C:/Users/bot_/Desktop/HR-ASSESMENT/Assesment/Content/ThirdPersonBP/Other/WG_Score.uexp" 29
"C:/Users/bot_/Desktop/HR-ASSESMENT/Assesment/Content/ThirdPersonBP/Other/WG_Game_Over.uasset" 30
"C:/Users/bot_/Desktop/HR-ASSESMENT/Assesment/Content/ThirdPersonBP/Other/WG_Game_Over.uexp" 31
"C:/Users/bot_/Desktop/HR-ASSESMENT/Assesment/Content/ThirdPersonBP/Blueprints/BP_Camera.uasset" 32
"C:/Users/bot_/Desktop/HR-ASSESMENT/Assesment/Content/ThirdPersonBP/Blueprints/BP_Camera.uexp" 33
"C:/Users/bot_/Desktop/HR-ASSESMENT/Assesment/Content/Mannequin/Character/Textures/UE4Man_Logo_N.uasset" 34
"C:/Users/bot_/Desktop/HR-ASSESMENT/Assesment/Content/Mannequin/Character/Textures/UE4Man_Logo_N.uexp" 35
"C:/Users/bot_/Desktop/HR-ASSESMENT/Assesment/Content/Mannequin/Character/Textures/UE4Man_Logo_N.ubulk" 36
"C:/Users/bot_/Desktop/HR-ASSESMENT/Assesment/Content/Mannequin/Character/Textures/T_UE4_Mannequin_Mobile_N.uasset" 37
"C:/Users/bot_/Desktop/HR-ASSESMENT/Assesment/Content/Mannequin/Character/Textures/T_UE4_Mannequin_Mobile_N.uexp" 38
"C:/Users/bot_/Desktop/HR-ASSESMENT/Assesment/Content/Mannequin/Character/Textures/T_UE4_Mannequin_Mobile_N.ubulk" 39
"C:/Users/bot_/Desktop/HR-ASSESMENT/Assesment/Content/Mannequin/Character/Textures/T_UE4_Mannequin_Mobile_M.uasset" 40
"C:/Users/bot_/Desktop/HR-ASSESMENT/Assesment/Content/Mannequin/Character/Textures/T_UE4_Mannequin_Mobile_M.uexp" 41
"C:/Users/bot_/Desktop/HR-ASSESMENT/Assesment/Content/Mannequin/Character/Textures/T_UE4_Mannequin_Mobile_M.ubulk" 42
"C:/Users/bot_/Desktop/HR-ASSESMENT/Assesment/Content/Mannequin/Character/Materials/MaterialLayers/T_ML_Aluminum01_N.uasset" 43
"C:/Users/bot_/Desktop/HR-ASSESMENT/Assesment/Content/Mannequin/Character/Materials/MaterialLayers/T_ML_Aluminum01_N.uexp" 44
"C:/Users/bot_/Desktop/HR-ASSESMENT/Assesment/Content/Mannequin/Character/Materials/MaterialLayers/T_ML_Aluminum01_N.ubulk" 45
"C:/Users/bot_/Desktop/HR-ASSESMENT/Assesment/Content/Mannequin/Character/Materials/MaterialLayers/T_ML_Aluminum01.uasset" 46
"C:/Users/bot_/Desktop/HR-ASSESMENT/Assesment/Content/Mannequin/Character/Materials/MaterialLayers/T_ML_Aluminum01.uexp" 47
"C:/Users/bot_/Desktop/HR-ASSESMENT/Assesment/Content/Mannequin/Character/Materials/MaterialLayers/T_ML_Aluminum01.ubulk" 48
"C:/Users/bot_/Desktop/HR-ASSESMENT/Assesment/Content/Mannequin/Character/Materials/MaterialLayers/ML_SoftMetal_UE4.uasset" 49
"C:/Users/bot_/Desktop/HR-ASSESMENT/Assesment/Content/Mannequin/Character/Materials/MaterialLayers/ML_SoftMetal_UE4.uexp" 50
"C:/Users/bot_/Desktop/HR-ASSESMENT/Assesment/Content/Mannequin/Character/Textures/UE4_LOGO_CARD.uasset" 51
"C:/Users/bot_/Desktop/HR-ASSESMENT/Assesment/Content/Mannequin/Character/Textures/UE4_LOGO_CARD.uexp" 52
"C:/Users/bot_/Desktop/HR-ASSESMENT/Assesment/Content/Mannequin/Character/Textures/UE4_LOGO_CARD.ubulk" 53
"C:/Users/bot_/Desktop/HR-ASSESMENT/Assesment/Content/Mannequin/Character/Materials/MaterialLayers/ML_Plastic_Shiny_Beige_LOGO.uasset" 54
"C:/Users/bot_/Desktop/HR-ASSESMENT/Assesment/Content/Mannequin/Character/Materials/MaterialLayers/ML_Plastic_Shiny_Beige_LOGO.uexp" 55
"C:/Users/bot_/Desktop/HR-ASSESMENT/Assesment/Content/Mannequin/Character/Materials/MaterialLayers/ML_Plastic_Shiny_Beige.uasset" 56
"C:/Users/bot_/Desktop/HR-ASSESMENT/Assesment/Content/Mannequin/Character/Materials/MaterialLayers/ML_Plastic_Shiny_Beige.uexp" 57
"C:/Users/bot_/Desktop/HR-ASSESMENT/Assesment/Content/Mannequin/Character/Materials/MaterialLayers/T_ML_Rubber_Blue_01_N.uasset" 58
"C:/Users/bot_/Desktop/HR-ASSESMENT/Assesment/Content/Mannequin/Character/Materials/MaterialLayers/T_ML_Rubber_Blue_01_N.uexp" 59
"C:/Users/bot_/Desktop/HR-ASSESMENT/Assesment/Content/Mannequin/Character/Materials/MaterialLayers/T_ML_Rubber_Blue_01_N.ubulk" 60
"C:/Users/bot_/Desktop/HR-ASSESMENT/Assesment/Content/Mannequin/Character/Materials/MaterialLayers/T_ML_Rubber_Blue_01_D.uasset" 61
"C:/Users/bot_/Desktop/HR-ASSESMENT/Assesment/Content/Mannequin/Character/Materials/MaterialLayers/T_ML_Rubber_Blue_01_D.uexp" 62
"C:/Users/bot_/Desktop/HR-ASSESMENT/Assesment/Content/Mannequin/Character/Materials/MaterialLayers/T_ML_Rubber_Blue_01_D.ubulk" 63
"C:/Users/bot_/Desktop/HR-ASSESMENT/Assesment/Content/Mannequin/Character/Materials/MaterialLayers/ML_GlossyBlack_Latex_UE4.uasset" 64
"C:/Users/bot_/Desktop/HR-ASSESMENT/Assesment/Content/Mannequin/Character/Materials/MaterialLayers/ML_GlossyBlack_Latex_UE4.uexp" 65
"../../../Engine/Content/Functions/MaterialLayerFunctions/MatLayerBlend_Simple.uasset" 66
"../../../Engine/Content/Functions/MaterialLayerFunctions/MatLayerBlend_Simple.uexp" 67
"../../../Engine/Content/Functions/Engine_MaterialFunctions02/Utility/BlendAngleCorrectedNormals.uasset" 68
"../../../Engine/Content/Functions/Engine_MaterialFunctions02/Utility/BlendAngleCorrectedNormals.uexp" 69
"../../../Engine/Content/Functions/MaterialLayerFunctions/MatLayerBlend_NormalBlend.uasset" 70
"../../../Engine/Content/Functions/MaterialLayerFunctions/MatLayerBlend_NormalBlend.uexp" 71
"C:/Users/bot_/Desktop/HR-ASSESMENT/Assesment/Content/Mannequin/Character/Materials/M_UE4Man_Body.uasset" 72
"C:/Users/bot_/Desktop/HR-ASSESMENT/Assesment/Content/Mannequin/Character/Materials/M_UE4Man_Body.uexp" 73
"C:/Users/bot_/Desktop/HR-ASSESMENT/Assesment/Content/Mannequin/Character/Materials/M_UE4Man_ChestLogo.uasset" 74
"C:/Users/bot_/Desktop/HR-ASSESMENT/Assesment/Content/Mannequin/Character/Materials/M_UE4Man_ChestLogo.uexp" 75
"C:/Users/bot_/Desktop/HR-ASSESMENT/Assesment/Content/Mannequin/Character/Mesh/SK_Mannequin.uasset" 76
"C:/Users/bot_/Desktop/HR-ASSESMENT/Assesment/Content/Mannequin/Character/Mesh/SK_Mannequin.uexp" 77
"../../../Engine/Content/EditorBlueprintResources/StandardMacros.uasset" 78
"../../../Engine/Content/EditorBlueprintResources/StandardMacros.uexp" 79
"C:/Users/bot_/Desktop/HR-ASSESMENT/Assesment/Content/Mannequin/Animations/ThirdPersonWalk.uasset" 80
"C:/Users/bot_/Desktop/HR-ASSESMENT/Assesment/Content/Mannequin/Animations/ThirdPersonWalk.uexp" 81
"C:/Users/bot_/Desktop/HR-ASSESMENT/Assesment/Content/Mannequin/Animations/ThirdPersonRun.uasset" 82
"C:/Users/bot_/Desktop/HR-ASSESMENT/Assesment/Content/Mannequin/Animations/ThirdPersonRun.uexp" 83
"C:/Users/bot_/Desktop/HR-ASSESMENT/Assesment/Content/Mannequin/Animations/ThirdPersonIdle.uasset" 84
"C:/Users/bot_/Desktop/HR-ASSESMENT/Assesment/Content/Mannequin/Animations/ThirdPersonIdle.uexp" 85
"C:/Users/bot_/Desktop/HR-ASSESMENT/Assesment/Content/Mannequin/Animations/ThirdPerson_IdleRun_2D.uasset" 86
"C:/Users/bot_/Desktop/HR-ASSESMENT/Assesment/Content/Mannequin/Animations/ThirdPerson_IdleRun_2D.uexp" 87
"C:/Users/bot_/Desktop/HR-ASSESMENT/Assesment/Content/Mannequin/Animations/ThirdPersonJump_Start.uasset" 88
"C:/Users/bot_/Desktop/HR-ASSESMENT/Assesment/Content/Mannequin/Animations/ThirdPersonJump_Start.uexp" 89
"C:/Users/bot_/Desktop/HR-ASSESMENT/Assesment/Content/Mannequin/Animations/ThirdPersonJump_Loop.uasset" 90
"C:/Users/bot_/Desktop/HR-ASSESMENT/Assesment/Content/Mannequin/Animations/ThirdPersonJump_Loop.uexp" 91
"C:/Users/bot_/Desktop/HR-ASSESMENT/Assesment/Content/Mannequin/Animations/ThirdPersonJump_End.uasset" 92
"C:/Users/bot_/Desktop/HR-ASSESMENT/Assesment/Content/Mannequin/Animations/ThirdPersonJump_End.uexp" 93
"C:/Users/bot_/Desktop/HR-ASSESMENT/Assesment/Content/Mannequin/Animations/ThirdPerson_AnimBP.uasset" 94
"C:/Users/bot_/Desktop/HR-ASSESMENT/Assesment/Content/Mannequin/Animations/ThirdPerson_AnimBP.uexp" 95
"C:/Users/bot_/Desktop/HR-ASSESMENT/Assesment/Content/ThirdPersonBP/Blueprints/ThirdPersonCharacter.uasset" 96
"C:/Users/bot_/Desktop/HR-ASSESMENT/Assesment/Content/ThirdPersonBP/Blueprints/ThirdPersonCharacter.uexp" 97
"C:/Users/bot_/Desktop/HR-ASSESMENT/Assesment/Content/ThirdPersonBP/Blueprints/ThirdPersonGameMode.uasset" 98
"C:/Users/bot_/Desktop/HR-ASSESMENT/Assesment/Content/ThirdPersonBP/Blueprints/ThirdPersonGameMode.uexp" 99
"C:/Users/bot_/Desktop/HR-ASSESMENT/Assesment/Content/ThirdPersonBP/Sound/game-over-arcade-6435.uasset" 100
"C:/Users/bot_/Desktop/HR-ASSESMENT/Assesment/Content/ThirdPersonBP/Sound/game-over-arcade-6435.uexp" 101
"C:/Users/bot_/Desktop/HR-ASSESMENT/Assesment/Content/ThirdPersonBP/Sound/retro-game-arcade-236133.uasset" 102
"C:/Users/bot_/Desktop/HR-ASSESMENT/Assesment/Content/ThirdPersonBP/Sound/retro-game-arcade-236133.uexp" 103
"C:/Users/bot_/Desktop/HR-ASSESMENT/Assesment/Content/ThirdPersonBP/Sound/retro-game-music-245230.uasset" 104
"C:/Users/bot_/Desktop/HR-ASSESMENT/Assesment/Content/ThirdPersonBP/Sound/retro-game-music-245230.uexp" 105
"C:/Users/bot_/Desktop/HR-ASSESMENT/Assesment/Content/ThirdPersonBP/Sound/SC_Music.uasset" 106
"C:/Users/bot_/Desktop/HR-ASSESMENT/Assesment/Content/ThirdPersonBP/Sound/SC_Music.uexp" 107
"C:/Users/bot_/Desktop/HR-ASSESMENT/Assesment/Content/ThirdPersonBP/Sound/swoosh-014-383768.uasset" 108
"C:/Users/bot_/Desktop/HR-ASSESMENT/Assesment/Content/ThirdPersonBP/Sound/swoosh-014-383768.uexp" 109
"C:/Users/bot_/Desktop/HR-ASSESMENT/Assesment/Content/ThirdPersonBP/Sound/swipe-255512.uasset" 110
"C:/Users/bot_/Desktop/HR-ASSESMENT/Assesment/Content/ThirdPersonBP/Sound/swipe-255512.uexp" 111
"C:/Users/bot_/Desktop/HR-ASSESMENT/Assesment/Content/ThirdPersonBP/Sound/SC_swipe.uasset" 112
"C:/Users/bot_/Desktop/HR-ASSESMENT/Assesment/Content/ThirdPersonBP/Sound/SC_swipe.uexp" 113
"C:/Users/bot_/Desktop/HR-ASSESMENT/Assesment/Content/ThirdPersonBP/Sound/select-sound-121244.uasset" 114
"C:/Users/bot_/Desktop/HR-ASSESMENT/Assesment/Content/ThirdPersonBP/Sound/select-sound-121244.uexp" 115
"C:/Users/bot_/Desktop/HR-ASSESMENT/Assesment/Content/ThirdPersonBP/Sound/swoosh-015-383769.uasset" 116
"C:/Users/bot_/Desktop/HR-ASSESMENT/Assesment/Content/ThirdPersonBP/Sound/swoosh-015-383769.uexp" 117
"../../../Engine/Content/Animation/DefaultAnimBoneCompressionSettings.uasset" 118
"../../../Engine/Content/Animation/DefaultAnimBoneCompressionSettings.uexp" 119
"../../../Engine/Content/Animation/DefaultAnimCurveCompressionSettings.uasset" 120
"../../../Engine/Content/Animation/DefaultAnimCurveCompressionSettings.uexp" 121
"../../../Engine/Content/EngineMaterials/T_Default_Material_Grid_N.uasset" 122
"../../../Engine/Content/EngineMaterials/T_Default_Material_Grid_N.uexp" 123
"../../../Engine/Content/EngineMaterials/T_Default_Material_Grid_N.ubulk" 124
"../../../Engine/Content/EngineMaterials/T_Default_Material_Grid_M.uasset" 125
"../../../Engine/Content/EngineMaterials/T_Default_Material_Grid_M.uexp" 126
"../../../Engine/Content/EngineMaterials/T_Default_Material_Grid_M.ubulk" 127
"../../../Engine/Content/Functions/Engine_MaterialFunctions01/Opacity/CameraDepthFade.uasset" 128
"../../../Engine/Content/Functions/Engine_MaterialFunctions01/Opacity/CameraDepthFade.uexp" 129
"../../../Engine/Content/EngineMaterials/WorldGridMaterial.uasset" 130
"../../../Engine/Content/EngineMaterials/WorldGridMaterial.uexp" 131
"../../../Engine/Content/ArtTools/RenderToTexture/Meshes/S_1_Unit_Plane.uasset" 132
"../../../Engine/Content/ArtTools/RenderToTexture/Meshes/S_1_Unit_Plane.uexp" 133
"../../../Engine/Content/EngineMaterials/DefaultMaterial.uasset" 134
"../../../Engine/Content/EngineMaterials/DefaultMaterial.uexp" 135
"../../../Engine/Content/BasicShapes/Cone.uasset" 136
"../../../Engine/Content/BasicShapes/Cone.uexp" 137
"../../../Engine/Content/BasicShapes/Plane.uasset" 138
"../../../Engine/Content/BasicShapes/Plane.uexp" 139
"../../../Engine/Content/EditorLandscapeResources/DataLayer.uasset" 140
"../../../Engine/Content/EditorLandscapeResources/DataLayer.uexp" 141
"../../../Engine/Content/EditorLandscapeResources/DefaultAlphaTexture.uasset" 142
"../../../Engine/Content/EditorLandscapeResources/DefaultAlphaTexture.uexp" 143
"../../../Engine/Content/EditorMaterials/MAT_Groups_Toggle.uasset" 144
"../../../Engine/Content/EditorMaterials/MAT_Groups_Toggle.uexp" 145
"../../../Engine/Content/EditorMaterials/MAT_Groups_Visibility.uasset" 146
"../../../Engine/Content/EditorMaterials/MAT_Groups_Visibility.uexp" 147
"../../../Engine/Content/EditorMaterials/PreviewShadowIndicator.uasset" 148
"../../../Engine/Content/EditorMaterials/PreviewShadowIndicator.uexp" 149
"../../../Engine/Content/EditorMaterials/PreviewShadowIndicator.ubulk" 150
"../../../Engine/Content/EditorMaterials/PreviewShadowIndicatorMaterial.uasset" 151
"../../../Engine/Content/EditorMaterials/PreviewShadowIndicatorMaterial.uexp" 152
"../../../Engine/Content/EditorMaterials/MatineeGroups/MAT_ColorTrack.uasset" 153
"../../../Engine/Content/EditorMaterials/MatineeGroups/MAT_ColorTrack.uexp" 154
"../../../Engine/Content/EditorMaterials/MatineeGroups/MAT_Groups_Anim.uasset" 155
"../../../Engine/Content/EditorMaterials/MatineeGroups/MAT_Groups_Anim.uexp" 156
"../../../Engine/Content/EditorMaterials/MatineeGroups/MAT_Groups_AudioMaster.uasset" 157
"../../../Engine/Content/EditorMaterials/MatineeGroups/MAT_Groups_AudioMaster.uexp" 158
"../../../Engine/Content/EditorMaterials/MatineeGroups/MAT_Groups_Director.uasset" 159
"../../../Engine/Content/EditorMaterials/MatineeGroups/MAT_Groups_Director.uexp" 160
"../../../Engine/Content/EditorMaterials/MatineeGroups/MAT_Groups_Event.uasset" 161
"../../../Engine/Content/EditorMaterials/MatineeGroups/MAT_Groups_Event.uexp" 162
"../../../Engine/Content/EditorMaterials/MatineeGroups/MAT_Groups_Fade.uasset" 163
"../../../Engine/Content/EditorMaterials/MatineeGroups/MAT_Groups_Fade.uexp" 164
"../../../Engine/Content/EditorMaterials/MatineeGroups/MAT_Groups_Float.uasset" 165
"../../../Engine/Content/EditorMaterials/MatineeGroups/MAT_Groups_Float.uexp" 166
"../../../Engine/Content/EditorMaterials/MatineeGroups/MAT_Groups_Move.uasset" 167
"../../../Engine/Content/EditorMaterials/MatineeGroups/MAT_Groups_Move.uexp" 168
"../../../Engine/Content/EditorMaterials/MatineeGroups/MAT_Groups_Slomo.uasset" 169
"../../../Engine/Content/EditorMaterials/MatineeGroups/MAT_Groups_Slomo.uexp" 170
"../../../Engine/Content/EditorMaterials/MatineeGroups/MAT_Groups_Sound.uasset" 171
"../../../Engine/Content/EditorMaterials/MatineeGroups/MAT_Groups_Sound.uexp" 172
"../../../Engine/Content/EditorMaterials/MatineeGroups/MAT_Groups_Vector.uasset" 173
"../../../Engine/Content/EditorMaterials/MatineeGroups/MAT_Groups_Vector.uexp" 174
"../../../Engine/Content/EditorMaterials/ParticleSystems/PSysThumbnail_NoImage.uasset" 175
"../../../Engine/Content/EditorMaterials/ParticleSystems/PSysThumbnail_NoImage.uexp" 176
"../../../Engine/Content/EditorMaterials/ParticleSystems/PSysThumbnail_NoImage.ubulk" 177
"../../../Engine/Content/EditorMaterials/ParticleSystems/PSysThumbnail_OOD.uasset" 178
"../../../Engine/Content/EditorMaterials/ParticleSystems/PSysThumbnail_OOD.uexp" 179
"../../../Engine/Content/EditorMaterials/ParticleSystems/PSysThumbnail_OOD.ubulk" 180
"../../../Engine/Content/EditorMaterials/Camera/CineMat.uasset" 181
"../../../Engine/Content/EditorMaterials/Camera/CineMat.uexp" 182
"../../../Engine/Content/EditorMaterials/Camera/MI_CineMat_Rig.uasset" 183
"../../../Engine/Content/EditorMaterials/Camera/MI_CineMat_Rig.uexp" 184
"../../../Engine/Content/EditorMeshes/Camera/SM_CraneRig_Arm.uasset" 185
"../../../Engine/Content/EditorMeshes/Camera/SM_CraneRig_Arm.uexp" 186
"../../../Engine/Content/EditorMeshes/Camera/SM_CraneRig_Base.uasset" 187
"../../../Engine/Content/EditorMeshes/Camera/SM_CraneRig_Base.uexp" 188
"../../../Engine/Content/EditorMeshes/Camera/SM_CraneRig_Body.uasset" 189
"../../../Engine/Content/EditorMeshes/Camera/SM_CraneRig_Body.uexp" 190
"../../../Engine/Content/EditorMeshes/Camera/SM_CraneRig_Mount.uasset" 191
"../../../Engine/Content/EditorMeshes/Camera/SM_CraneRig_Mount.uexp" 192
"../../../Engine/Content/EditorMeshes/Camera/SM_RailRig_Mount.uasset" 193
"../../../Engine/Content/EditorMeshes/Camera/SM_RailRig_Mount.uexp" 194
"../../../Engine/Content/EditorMeshes/Camera/SM_RailRig_Track.uasset" 195
"../../../Engine/Content/EditorMeshes/Camera/SM_RailRig_Track.uexp" 196
"../../../Engine/Content/EditorResources/BSPVertex.uasset" 197
"../../../Engine/Content/EditorResources/BSPVertex.uexp" 198
"../../../Engine/Content/EditorResources/EmptyActor.uasset" 199
"../../../Engine/Content/EditorResources/EmptyActor.uexp" 200
"../../../Engine/Content/EditorResources/S_Actor.uasset" 201
"../../../Engine/Content/EditorResources/S_Actor.uexp" 202
"../../../Engine/Content/EditorResources/S_Actor.ubulk" 203
"../../../Engine/Content/EditorResources/S_Note.uasset" 204
"../../../Engine/Content/EditorResources/S_Note.uexp" 205
"../../../Engine/Content/EditorResources/S_Note.ubulk" 206
"../../../Engine/Content/EditorResources/S_Solver.uasset" 207
"../../../Engine/Content/EditorResources/S_Solver.uexp" 208
"../../../Engine/Content/EditorResources/S_Solver.ubulk" 209
"../../../Engine/Content/EditorResources/S_Terrain.uasset" 210
"../../../Engine/Content/EditorResources/S_Terrain.uexp" 211
"../../../Engine/Content/EditorResources/S_Terrain.ubulk" 212
"../../../Engine/Content/EditorResources/S_Trigger.uasset" 213
"../../../Engine/Content/EditorResources/S_Trigger.uexp" 214
"../../../Engine/Content/EditorResources/S_Trigger.ubulk" 215
"../../../Engine/Content/EditorResources/LightIcons/S_LightError.uasset" 216
"../../../Engine/Content/EditorResources/LightIcons/S_LightError.uexp" 217
"../../../Engine/Content/EditorResources/SequenceRecorder/Countdown.uasset" 218
"../../../Engine/Content/EditorResources/SequenceRecorder/Countdown.uexp" 219
"../../../Engine/Content/EditorResources/SequenceRecorder/RecordingIndicator.uasset" 220
"../../../Engine/Content/EditorResources/SequenceRecorder/RecordingIndicator.uexp" 221
"../../../Engine/Content/EngineDamageTypes/DmgTypeBP_Environmental.uasset" 222
"../../../Engine/Content/EngineDamageTypes/DmgTypeBP_Environmental.uexp" 223
"../../../Engine/Content/EngineDebugMaterials/DebugEditorMaterial.uasset" 224
"../../../Engine/Content/EngineDebugMaterials/DebugEditorMaterial.uexp" 225
"../../../Engine/Content/EngineDebugMaterials/DebugMeshMaterial.uasset" 226
"../../../Engine/Content/EngineDebugMaterials/DebugMeshMaterial.uexp" 227
"../../../Engine/Content/EngineDebugMaterials/M_SimpleUnlitTranslucent.uasset" 228
"../../../Engine/Content/EngineDebugMaterials/M_SimpleUnlitTranslucent.uexp" 229
"../../../Engine/Content/EngineDebugMaterials/VolumeToRender.uasset" 230
"../../../Engine/Content/EngineDebugMaterials/VolumeToRender.uexp" 231
"../../../Engine/Content/Functions/Engine_MaterialFunctions02/Utility/CameraDirectionVector.uasset" 232
"../../../Engine/Content/Functions/Engine_MaterialFunctions02/Utility/CameraDirectionVector.uexp" 233
"../../../Engine/Content/EngineDebugMaterials/M_VolumeRenderSphereTracePP.uasset" 234
"../../../Engine/Content/EngineDebugMaterials/M_VolumeRenderSphereTracePP.uexp" 235
"../../../Engine/Content/Functions/Engine_MaterialFunctions01/Shading/ConvertFromDiffSpec.uasset" 236
"../../../Engine/Content/Functions/Engine_MaterialFunctions01/Shading/ConvertFromDiffSpec.uexp" 237
"../../../Engine/Content/EngineDebugMaterials/VertexColorMaterial.uasset" 238
"../../../Engine/Content/EngineDebugMaterials/VertexColorMaterial.uexp" 239
"../../../Engine/Content/EngineDebugMaterials/WireframeMaterial.uasset" 240
"../../../Engine/Content/EngineDebugMaterials/WireframeMaterial.uexp" 241
"../../../Engine/Content/EngineFonts/Faces/RobotoRegular.uasset" 242
"../../../Engine/Content/EngineFonts/Faces/RobotoRegular.uexp" 243
"../../../Engine/Content/EngineFonts/Faces/RobotoRegular.ufont" 244
"../../../Engine/Content/EngineFonts/Faces/RobotoLight.uasset" 245
"../../../Engine/Content/EngineFonts/Faces/RobotoLight.uexp" 246
"../../../Engine/Content/EngineFonts/Faces/RobotoLight.ufont" 247
"../../../Engine/Content/EngineFonts/Faces/RobotoItalic.uasset" 248
"../../../Engine/Content/EngineFonts/Faces/RobotoItalic.uexp" 249
"../../../Engine/Content/EngineFonts/Faces/RobotoItalic.ufont" 250
"../../../Engine/Content/EngineFonts/Faces/RobotoBoldItalic.uasset" 251
"../../../Engine/Content/EngineFonts/Faces/RobotoBoldItalic.uexp" 252
"../../../Engine/Content/EngineFonts/Faces/RobotoBoldItalic.ufont" 253
"../../../Engine/Content/EngineFonts/Faces/RobotoBold.uasset" 254
"../../../Engine/Content/EngineFonts/Faces/RobotoBold.uexp" 255
"../../../Engine/Content/EngineFonts/Faces/RobotoBold.ufont" 256
"../../../Engine/Content/EngineFonts/Faces/DroidSansFallback.uasset" 257
"../../../Engine/Content/EngineFonts/Faces/DroidSansFallback.uexp" 258
"../../../Engine/Content/EngineFonts/Faces/DroidSansFallback.ufont" 259
"../../../Engine/Content/EngineFonts/Roboto.uasset" 260
"../../../Engine/Content/EngineFonts/Roboto.uexp" 261
"../../../Engine/Content/EngineMaterials/BaseFlattenNormalMap.uasset" 262
"../../../Engine/Content/EngineMaterials/BaseFlattenNormalMap.uexp" 263
"../../../Engine/Content/EngineMaterials/BaseFlattenGrayscaleMap.uasset" 264
"../../../Engine/Content/EngineMaterials/BaseFlattenGrayscaleMap.uexp" 265
"../../../Engine/Content/EngineMaterials/BaseFlattenEmissiveMap.uasset" 266
"../../../Engine/Content/EngineMaterials/BaseFlattenEmissiveMap.uexp" 267
"../../../Engine/Content/EngineMaterials/BaseFlattenDiffuseMap.uasset" 268
"../../../Engine/Content/EngineMaterials/BaseFlattenDiffuseMap.uexp" 269
"../../../Engine/Content/EngineMaterials/BaseFlattenMaterial.uasset" 270
"../../../Engine/Content/EngineMaterials/BaseFlattenMaterial.uexp" 271
"../../../Engine/Content/EngineMaterials/BlueNoise.uasset" 272
"../../../Engine/Content/EngineMaterials/BlueNoise.uexp" 273
"../../../Engine/Content/EngineMaterials/DefaultBloomKernel.uasset" 274
"../../../Engine/Content/EngineMaterials/DefaultBloomKernel.uexp" 275
"../../../Engine/Content/EngineMaterials/DefaultBokeh.uasset" 276
"../../../Engine/Content/EngineMaterials/DefaultBokeh.uexp" 277
"../../../Engine/Content/EngineMaterials/DefaultDiffuse.uasset" 278
"../../../Engine/Content/EngineMaterials/DefaultDiffuse.uexp" 279
"../../../Engine/Content/EngineMaterials/DefaultDiffuse.ubulk" 280
"../../../Engine/Content/EngineMaterials/DefaultDeferredDecalMaterial.uasset" 281
"../../../Engine/Content/EngineMaterials/DefaultDeferredDecalMaterial.uexp" 282
"../../../Engine/Content/EngineMaterials/DefaultLightFunctionMaterial.uasset" 283
"../../../Engine/Content/EngineMaterials/DefaultLightFunctionMaterial.uexp" 284
"../../../Engine/Content/EngineMaterials/DefaultPhysicalMaterial.uasset" 285
"../../../Engine/Content/EngineMaterials/DefaultPhysicalMaterial.uexp" 286
"../../../Engine/Content/Functions/Engine_MaterialFunctions02/Utility/BreakOutFloat2Components.uasset" 287
"../../../Engine/Content/Functions/Engine_MaterialFunctions02/Utility/BreakOutFloat2Components.uexp" 288
"../../../Engine/Content/EngineMaterials/DefaultPostProcessMaterial.uasset" 289
"../../../Engine/Content/EngineMaterials/DefaultPostProcessMaterial.uexp" 290
"../../../Engine/Content/EngineFonts/RobotoDistanceField.uasset" 291
"../../../Engine/Content/EngineFonts/RobotoDistanceField.uexp" 292
"../../../Engine/Content/EngineMaterials/DefaultTextMaterialOpaque.uasset" 293
"../../../Engine/Content/EngineMaterials/DefaultTextMaterialOpaque.uexp" 294
"../../../Engine/Content/EngineMaterials/DefaultWhiteGrid.uasset" 295
"../../../Engine/Content/EngineMaterials/DefaultWhiteGrid.uexp" 296
"../../../Engine/Content/EngineMaterials/DefaultWhiteGrid.ubulk" 297
"../../../Engine/Content/EngineMaterials/DefaultWhiteGrid_Low.uasset" 298
"../../../Engine/Content/EngineMaterials/DefaultWhiteGrid_Low.uexp" 299
"../../../Engine/Content/EngineMaterials/EmissiveMeshMaterial.uasset" 300
"../../../Engine/Content/EngineMaterials/EmissiveMeshMaterial.uexp" 301
"../../../Engine/Content/EngineMaterials/GizmoMaterial.uasset" 302
"../../../Engine/Content/EngineMaterials/GizmoMaterial.uexp" 303
"../../../Engine/Content/EngineMaterials/Good64x64TilingNoiseHighFreq.uasset" 304
"../../../Engine/Content/EngineMaterials/Good64x64TilingNoiseHighFreq.uexp" 305
"../../../Engine/Content/EngineMaterials/MiniFont.uasset" 306
"../../../Engine/Content/EngineMaterials/MiniFont.uexp" 307
"../../../Engine/Content/EngineMaterials/InvalidLightmapSettings.uasset" 308
"../../../Engine/Content/EngineMaterials/InvalidLightmapSettings.uexp" 309
"../../../Engine/Content/EngineMaterials/InvalidLightmapSettings.ubulk" 310
"../../../Engine/Content/EngineMaterials/M_InvalidLightmapSettings.uasset" 311
"../../../Engine/Content/EngineMaterials/M_InvalidLightmapSettings.uexp" 312
"../../../Engine/Content/Functions/Engine_MaterialFunctions02/WorldPositionOffset/CameraOffset.uasset" 313
"../../../Engine/Content/Functions/Engine_MaterialFunctions02/WorldPositionOffset/CameraOffset.uexp" 314
"../../../Engine/Content/EngineMaterials/PhAT_JointLimitMaterial.uasset" 315
"../../../Engine/Content/EngineMaterials/PhAT_JointLimitMaterial.uexp" 316
"../../../Engine/Content/EngineMaterials/DefaultCalibrationColor.uasset" 317
"../../../Engine/Content/EngineMaterials/DefaultCalibrationColor.uexp" 318
"../../../Engine/Content/EngineMaterials/PPM_DefaultCalibrationColor.uasset" 319
"../../../Engine/Content/EngineMaterials/PPM_DefaultCalibrationColor.uexp" 320
"../../../Engine/Content/EngineMaterials/DefaultCalibrationGrayscale.uasset" 321
"../../../Engine/Content/EngineMaterials/DefaultCalibrationGrayscale.uexp" 322
"../../../Engine/Content/EngineMaterials/PPM_DefaultCalibrationGrayscale.uasset" 323
"../../../Engine/Content/EngineMaterials/PPM_DefaultCalibrationGrayscale.uexp" 324
"../../../Engine/Content/EngineMaterials/PreintegratedSkinBRDF.uasset" 325
"../../../Engine/Content/EngineMaterials/PreintegratedSkinBRDF.uexp" 326
"../../../Engine/Content/EngineMaterials/RemoveSurfaceMaterial.uasset" 327
"../../../Engine/Content/EngineMaterials/RemoveSurfaceMaterial.uexp" 328
"../../../Engine/Content/EngineMaterials/WeightMapPlaceholderTexture.uasset" 329
"../../../Engine/Content/EngineMaterials/WeightMapPlaceholderTexture.uexp" 330
"../../../Engine/Content/EngineResources/WhiteSquareTexture.uasset" 331
"../../../Engine/Content/EngineResources/WhiteSquareTexture.uexp" 332
"../../../Engine/Content/EngineMaterials/Widget3DPassThrough.uasset" 333
"../../../Engine/Content/EngineMaterials/Widget3DPassThrough.uexp" 334
"../../../Engine/Content/EngineMaterials/Widget3DPassThrough_Masked.uasset" 335
"../../../Engine/Content/EngineMaterials/Widget3DPassThrough_Masked.uexp" 336
"../../../Engine/Content/EngineMaterials/Widget3DPassThrough_Opaque.uasset" 337
"../../../Engine/Content/EngineMaterials/Widget3DPassThrough_Opaque.uexp" 338
"../../../Engine/Content/EngineMaterials/Widget3DPassThrough_Masked_OneSided.uasset" 339
"../../../Engine/Content/EngineMaterials/Widget3DPassThrough_Masked_OneSided.uexp" 340
"../../../Engine/Content/EngineMaterials/Widget3DPassThrough_Opaque_OneSided.uasset" 341
"../../../Engine/Content/EngineMaterials/Widget3DPassThrough_Opaque_OneSided.uexp" 342
"../../../Engine/Content/EngineMaterials/Widget3DPassThrough_Translucent.uasset" 343
"../../../Engine/Content/EngineMaterials/Widget3DPassThrough_Translucent.uexp" 344
"../../../Engine/Content/EngineMaterials/Widget3DPassThrough_Translucent_OneSided.uasset" 345
"../../../Engine/Content/EngineMaterials/Widget3DPassThrough_Translucent_OneSided.uexp" 346
"../../../Engine/Content/EngineMeshes/Cylinder.uasset" 347
"../../../Engine/Content/EngineMeshes/Cylinder.uexp" 348
"../../../Engine/Content/EngineMeshes/Sphere.uasset" 349
"../../../Engine/Content/EngineMeshes/Sphere.uexp" 350
"../../../Engine/Content/EngineResources/DefaultTexture.uasset" 351
"../../../Engine/Content/EngineResources/DefaultTexture.uexp" 352
"../../../Engine/Content/EngineResources/DefaultTexture.ubulk" 353
"../../../Engine/Content/EngineResources/DefaultTextureCube.uasset" 354
"../../../Engine/Content/EngineResources/DefaultTextureCube.uexp" 355
"../../../Engine/Content/EngineResources/DefaultVolumeTexture2D.uasset" 356
"../../../Engine/Content/EngineResources/DefaultVolumeTexture2D.uexp" 357
"../../../Engine/Content/EngineResources/DefaultVolumeTexture.uasset" 358
"../../../Engine/Content/EngineResources/DefaultVolumeTexture.uexp" 359
"../../../Engine/Content/EngineResources/GradientTexture0.uasset" 360
"../../../Engine/Content/EngineResources/GradientTexture0.uexp" 361
"../../../Engine/Content/EngineSky/VolumetricClouds/T_NoiseShape64.uasset" 362
"../../../Engine/Content/EngineSky/VolumetricClouds/T_NoiseShape64.uexp" 363
"../../../Engine/Content/EngineSky/VolumetricClouds/T_NoiseShape64.ubulk" 364
"../../../Engine/Content/EngineSky/VolumetricClouds/T_VolumeNoiseShape64.uasset" 365
"../../../Engine/Content/EngineSky/VolumetricClouds/T_VolumeNoiseShape64.uexp" 366
"../../../Engine/Content/EngineSky/VolumetricClouds/T_NoiseErosion.uasset" 367
"../../../Engine/Content/EngineSky/VolumetricClouds/T_NoiseErosion.uexp" 368
"../../../Engine/Content/EngineSky/VolumetricClouds/T_NoiseErosion.ubulk" 369
"../../../Engine/Content/EngineSky/VolumetricClouds/T_VolumeNoiseErosion32.uasset" 370
"../../../Engine/Content/EngineSky/VolumetricClouds/T_VolumeNoiseErosion32.uexp" 371
"../../../Engine/Content/EngineSky/VolumetricClouds/CloudWeatherTexture.uasset" 372
"../../../Engine/Content/EngineSky/VolumetricClouds/CloudWeatherTexture.uexp" 373
"../../../Engine/Content/EngineSky/VolumetricClouds/CloudGradientTexture.uasset" 374
"../../../Engine/Content/EngineSky/VolumetricClouds/CloudGradientTexture.uexp" 375
"../../../Engine/Content/Functions/Engine_MaterialFunctions02/Utility/MakeFloat2.uasset" 376
"../../../Engine/Content/Functions/Engine_MaterialFunctions02/Utility/MakeFloat2.uexp" 377
"../../../Engine/Content/EngineSky/VolumetricClouds/m_SimpleVolumetricCloud.uasset" 378
"../../../Engine/Content/EngineSky/VolumetricClouds/m_SimpleVolumetricCloud.uexp" 379
"../../../Engine/Content/EngineSky/VolumetricClouds/m_SimpleVolumetricCloud_Inst.uasset" 380
"../../../Engine/Content/EngineSky/VolumetricClouds/m_SimpleVolumetricCloud_Inst.uexp" 381
"../../../Engine/Content/EngineSounds/Master.uasset" 382
"../../../Engine/Content/EngineSounds/Master.uexp" 383
"../../../Engine/Content/Functions/Engine_MaterialFunctions01/Shading/PowerToRoughness.uasset" 384
"../../../Engine/Content/Functions/Engine_MaterialFunctions01/Shading/PowerToRoughness.uexp" 385
"../../../Engine/Content/Maps/Templates/Thumbnails/Default.uasset" 386
"../../../Engine/Content/Maps/Templates/Thumbnails/Default.uexp" 387
"../../../Engine/Content/Maps/Templates/Thumbnails/TimeOfDay.uasset" 388
"../../../Engine/Content/Maps/Templates/Thumbnails/TimeOfDay.uexp" 389
"../../../Engine/Content/Maps/Templates/Thumbnails/VR-Basic.uasset" 390
"../../../Engine/Content/Maps/Templates/Thumbnails/VR-Basic.uexp" 391
"../../../Engine/Content/MobileResources/T_MobileControls_texture.uasset" 392
"../../../Engine/Content/MobileResources/T_MobileControls_texture.uexp" 393
"../../../Engine/Content/MobileResources/T_MobileMenu2.uasset" 394
"../../../Engine/Content/MobileResources/T_MobileMenu2.uexp" 395
"../../../Engine/Content/MobileResources/HUD/AnalogHat.uasset" 396
"../../../Engine/Content/MobileResources/HUD/AnalogHat.uexp" 397
"../../../Engine/Content/MobileResources/HUD/VirtualJoystick_Thumb.uasset" 398
"../../../Engine/Content/MobileResources/HUD/VirtualJoystick_Thumb.uexp" 399
"../../../Engine/Content/MobileResources/HUD/VirtualJoystick_Background.uasset" 400
"../../../Engine/Content/MobileResources/HUD/VirtualJoystick_Background.uexp" 401
"../../../Engine/Content/MobileResources/HUD/DefaultVirtualJoysticks.uasset" 402
"../../../Engine/Content/MobileResources/HUD/DefaultVirtualJoysticks.uexp" 403
"../../../Engine/Content/MobileResources/HUD/LeftVirtualJoystickOnly.uasset" 404
"../../../Engine/Content/MobileResources/HUD/LeftVirtualJoystickOnly.uexp" 405
"../../../Engine/Content/MobileResources/HUD/MobileHUDButton1_off.uasset" 406
"../../../Engine/Content/MobileResources/HUD/MobileHUDButton1_off.uexp" 407
"../../../Engine/Content/MobileResources/HUD/MobileHUDButton1_on.uasset" 408
"../../../Engine/Content/MobileResources/HUD/MobileHUDButton1_on.uexp" 409
"../../../Engine/Content/MobileResources/HUD/MobileHUDButton2_off.uasset" 410
"../../../Engine/Content/MobileResources/HUD/MobileHUDButton2_off.uexp" 411
"../../../Engine/Content/MobileResources/HUD/MobileHUDButton2_on.uasset" 412
"../../../Engine/Content/MobileResources/HUD/MobileHUDButton2_on.uexp" 413
"../../../Engine/Content/MobileResources/HUD/MobileHUDButton3.uasset" 414
"../../../Engine/Content/MobileResources/HUD/MobileHUDButton3.uexp" 415
"../../../Engine/Content/MobileResources/HUD/MobileHUDButtonFire.uasset" 416
"../../../Engine/Content/MobileResources/HUD/MobileHUDButtonFire.uexp" 417
"../../../Engine/Content/MobileResources/HUD/MobileHUDDirectionPad.uasset" 418
"../../../Engine/Content/MobileResources/HUD/MobileHUDDirectionPad.uexp" 419
"../../../Engine/Content/MobileResources/HUD/MobileHUDDirectionPad2.uasset" 420
"../../../Engine/Content/MobileResources/HUD/MobileHUDDirectionPad2.uexp" 421
"../../../Engine/Content/MobileResources/HUD/MobileHUDDirectionPad3.uasset" 422
"../../../Engine/Content/MobileResources/HUD/MobileHUDDirectionPad3.uexp" 423
"../../../Engine/Content/MobileResources/HUD/MobileHUDDirectionStick.uasset" 424
"../../../Engine/Content/MobileResources/HUD/MobileHUDDirectionStick.uexp" 425
"../../../Engine/Content/MobileResources/HUD/T_Castle_ThumbstickInner.uasset" 426
"../../../Engine/Content/MobileResources/HUD/T_Castle_ThumbstickInner.uexp" 427
"../../../Engine/Content/MobileResources/HUD/T_Castle_ThumbstickOutter.uasset" 428
"../../../Engine/Content/MobileResources/HUD/T_Castle_ThumbstickOutter.uexp" 429
"../../../Engine/Content/Tutorial/ContentIntroCurve.uasset" 430
"../../../Engine/Content/Tutorial/ContentIntroCurve.uexp" 431
"../../../Engine/Content/Tutorial/Basics/TutorialAssets/icon_tab_Levels_40x.uasset" 432
"../../../Engine/Content/Tutorial/Basics/TutorialAssets/icon_tab_Levels_40x.uexp" 433
"../../../Engine/Content/Tutorial/BlueprintTutorials/TutorialAssets/Blueprint_64x.uasset" 434
"../../../Engine/Content/Tutorial/BlueprintTutorials/TutorialAssets/Blueprint_64x.uexp" 435
"../../../Engine/Content/Tutorial/Landscape/TutorialAssets/Landscape.uasset" 436
"../../../Engine/Content/Tutorial/Landscape/TutorialAssets/Landscape.uexp" 437
"../../../Engine/Content/VREditor/TransformGizmo/TranslucentTransformGizmoMaterial.uasset" 438
"../../../Engine/Content/VREditor/TransformGizmo/TranslucentTransformGizmoMaterial.uexp" 439
"../../../Engine/Content/VREditor/LaserPointer/VR_LaserPower_01.uasset" 440
"../../../Engine/Content/VREditor/LaserPointer/VR_LaserPower_01.uexp" 441
"../../../Engine/Content/VREditor/LaserPointer/VR_LaserPower_01.ubulk" 442
"../../../Engine/Content/VREditor/TransformGizmo/TransformGizmoMaterial.uasset" 443
"../../../Engine/Content/VREditor/TransformGizmo/TransformGizmoMaterial.uexp" 444
"../../../Engine/Content/VREditor/TransformGizmo/BoundingBoxCorner.uasset" 445
"../../../Engine/Content/VREditor/TransformGizmo/BoundingBoxCorner.uexp" 446
"../../../Engine/Content/VREditor/TransformGizmo/BoundingBoxEdge.uasset" 447
"../../../Engine/Content/VREditor/TransformGizmo/BoundingBoxEdge.uexp" 448
"../../../Engine/Content/VREditor/TransformGizmo/PlaneTranslationHandle.uasset" 449
"../../../Engine/Content/VREditor/TransformGizmo/PlaneTranslationHandle.uexp" 450
"../../../Engine/Content/VREditor/TransformGizmo/Main.uasset" 451
"../../../Engine/Content/VREditor/TransformGizmo/Main.uexp" 452
"../../../Engine/Content/VREditor/TransformGizmo/Xray.uasset" 453
"../../../Engine/Content/VREditor/TransformGizmo/Xray.uexp" 454
"../../../Engine/Content/VREditor/TransformGizmo/SM_Sequencer_Key.uasset" 455
"../../../Engine/Content/VREditor/TransformGizmo/SM_Sequencer_Key.uexp" 456
"../../../Engine/Content/VREditor/TransformGizmo/SM_Sequencer_Node.uasset" 457
"../../../Engine/Content/VREditor/TransformGizmo/SM_Sequencer_Node.uexp" 458
"../../../Engine/Plugins/2D/Paper2D/Content/PlaceholderTextures/DummySpriteTexture.uasset" 459
"../../../Engine/Plugins/2D/Paper2D/Content/PlaceholderTextures/DummySpriteTexture.uexp" 460
"../../../Engine/Plugins/2D/Paper2D/Content/PlaceholderTextures/DummySpriteTexture.ubulk" 461
"../../../Engine/Plugins/2D/Paper2D/Content/DummySprite.uasset" 462
"../../../Engine/Plugins/2D/Paper2D/Content/DummySprite.uexp" 463
"../../../Engine/Plugins/2D/Paper2D/Content/DefaultPaperTerrainMaterial.uasset" 464
"../../../Engine/Plugins/2D/Paper2D/Content/DefaultPaperTerrainMaterial.uexp" 465
"../../../Engine/Plugins/2D/Paper2D/Content/DefaultSpriteMaterial.uasset" 466
"../../../Engine/Plugins/2D/Paper2D/Content/DefaultSpriteMaterial.uexp" 467
"../../../Engine/Plugins/2D/Paper2D/Content/MaskedUnlitSpriteMaterial.uasset" 468
"../../../Engine/Plugins/2D/Paper2D/Content/MaskedUnlitSpriteMaterial.uexp" 469
"../../../Engine/Plugins/2D/Paper2D/Content/OpaqueUnlitSpriteMaterial.uasset" 470
"../../../Engine/Plugins/2D/Paper2D/Content/OpaqueUnlitSpriteMaterial.uexp" 471
"../../../Engine/Content/Functions/Engine_MaterialFunctions02/Utility/BreakOutFloat3Components.uasset" 472
"../../../Engine/Content/Functions/Engine_MaterialFunctions02/Utility/BreakOutFloat3Components.uexp" 473
"../../../Engine/Plugins/Editor/SpeedTreeImporter/Content/SpeedTree9/UnpackInteger3.uasset" 474
"../../../Engine/Plugins/Editor/SpeedTreeImporter/Content/SpeedTree9/UnpackInteger3.uexp" 475
"../../../Engine/Plugins/Editor/SpeedTreeImporter/Content/SpeedTree9/UnpackDirection.uasset" 476
"../../../Engine/Plugins/Editor/SpeedTreeImporter/Content/SpeedTree9/UnpackDirection.uexp" 477
"../../../Engine/Plugins/Editor/SpeedTreeImporter/Content/SpeedTree9/game_wind_noise.uasset" 478
"../../../Engine/Plugins/Editor/SpeedTreeImporter/Content/SpeedTree9/game_wind_noise.uexp" 479
"../../../Engine/Plugins/Editor/SpeedTreeImporter/Content/SpeedTree9/game_wind_noise.ubulk" 480
"../../../Engine/Content/Functions/Engine_MaterialFunctions02/SafeNormalize.uasset" 481
"../../../Engine/Content/Functions/Engine_MaterialFunctions02/SafeNormalize.uexp" 482
"../../../Engine/Plugins/Editor/SpeedTreeImporter/Content/SpeedTree9/SpeedTreeWindMotion.uasset" 483
"../../../Engine/Plugins/Editor/SpeedTreeImporter/Content/SpeedTree9/SpeedTreeWindMotion.uexp" 484
"../../../Engine/Plugins/Editor/SpeedTreeImporter/Content/SpeedTree9/SpeedTreeBranchMotion.uasset" 485
"../../../Engine/Plugins/Editor/SpeedTreeImporter/Content/SpeedTree9/SpeedTreeBranchMotion.uexp" 486
"../../../Engine/Content/Functions/Engine_MaterialFunctions02/ObjectLocalBounds.uasset" 487
"../../../Engine/Content/Functions/Engine_MaterialFunctions02/ObjectLocalBounds.uexp" 488
"../../../Engine/Content/Functions/Engine_MaterialFunctions02/UVs/BoundingBoxBased_0-1_UVW.uasset" 489
"../../../Engine/Content/Functions/Engine_MaterialFunctions02/UVs/BoundingBoxBased_0-1_UVW.uexp" 490
"../../../Engine/Content/Functions/Engine_MaterialFunctions02/Utility/VectorLength.uasset" 491
"../../../Engine/Content/Functions/Engine_MaterialFunctions02/Utility/VectorLength.uexp" 492
"../../../Engine/Content/Functions/Engine_MaterialFunctions02/WorldPositionOffset/ObjectScale.uasset" 493
"../../../Engine/Content/Functions/Engine_MaterialFunctions02/WorldPositionOffset/ObjectScale.uexp" 494
"../../../Engine/Plugins/Editor/SpeedTreeImporter/Content/SpeedTree9/SpeedTreeWind.uasset" 495
"../../../Engine/Plugins/Editor/SpeedTreeImporter/Content/SpeedTree9/SpeedTreeWind.uexp" 496
"../../../Engine/Plugins/Editor/SpeedTreeImporter/Content/SpeedTree9/SpeedTreeBillboard.uasset" 497
"../../../Engine/Plugins/Editor/SpeedTreeImporter/Content/SpeedTree9/SpeedTreeBillboard.uexp" 498
"../../../Engine/Plugins/Editor/SpeedTreeImporter/Content/SpeedTree9/EmptyNormal.uasset" 499
"../../../Engine/Plugins/Editor/SpeedTreeImporter/Content/SpeedTree9/EmptyNormal.uexp" 500
"../../../Engine/Plugins/Editor/SpeedTreeImporter/Content/SpeedTree9/Empty.uasset" 501
"../../../Engine/Plugins/Editor/SpeedTreeImporter/Content/SpeedTree9/Empty.uexp" 502
"../../../Engine/Plugins/Editor/SpeedTreeImporter/Content/SpeedTree9/SpeedTreeBillboardMaster.uasset" 503
"../../../Engine/Plugins/Editor/SpeedTreeImporter/Content/SpeedTree9/SpeedTreeBillboardMaster.uexp" 504
"../../../Engine/Plugins/Editor/SpeedTreeImporter/Content/SpeedTree9/SpeedTreeCameraFacing.uasset" 505
"../../../Engine/Plugins/Editor/SpeedTreeImporter/Content/SpeedTree9/SpeedTreeCameraFacing.uexp" 506
"../../../Engine/Plugins/Editor/SpeedTreeImporter/Content/SpeedTree9/SpeedTreeMaster.uasset" 507
"../../../Engine/Plugins/Editor/SpeedTreeImporter/Content/SpeedTree9/SpeedTreeMaster.uexp" 508
"../../../Engine/Content/BasicShapes/Cylinder.uasset" 509
"../../../Engine/Content/BasicShapes/Cylinder.uexp" 510
"../../../Engine/Content/ArtTools/RenderToTexture/Materials/Debug/M_Emissive_Color.uasset" 511
"../../../Engine/Content/ArtTools/RenderToTexture/Materials/Debug/M_Emissive_Color.uexp" 512
"../../../Engine/Plugins/Runtime/OpenXR/Content/Devices/GoogleDaydream/MRTexture.uasset" 513
"../../../Engine/Plugins/Runtime/OpenXR/Content/Devices/GoogleDaydream/MRTexture.uexp" 514
"../../../Engine/Plugins/Runtime/OpenXR/Content/Devices/GoogleDaydream/MRTexture.ubulk" 515
"../../../Engine/Plugins/Runtime/OpenXR/Content/Devices/GoogleDaydream/BaseTexture.uasset" 516
"../../../Engine/Plugins/Runtime/OpenXR/Content/Devices/GoogleDaydream/BaseTexture.uexp" 517
"../../../Engine/Plugins/Runtime/OpenXR/Content/Devices/GoogleDaydream/BaseTexture.ubulk" 518
"../../../Engine/Content/EngineResources/Black.uasset" 519
"../../../Engine/Content/EngineResources/Black.uexp" 520
"../../../Engine/Plugins/Runtime/OpenXR/Content/Devices/M_XRController.uasset" 521
"../../../Engine/Plugins/Runtime/OpenXR/Content/Devices/M_XRController.uexp" 522
"../../../Engine/Plugins/Runtime/OpenXR/Content/Devices/GoogleDaydream/MI_GoogleDaydream.uasset" 523
"../../../Engine/Plugins/Runtime/OpenXR/Content/Devices/GoogleDaydream/MI_GoogleDaydream.uexp" 524
"../../../Engine/Plugins/Runtime/OpenXR/Content/Devices/GoogleDaydream/GoogleDaydreamController.uasset" 525
"../../../Engine/Plugins/Runtime/OpenXR/Content/Devices/GoogleDaydream/GoogleDaydreamController.uexp" 526
"../../../Engine/Plugins/Runtime/OpenXR/Content/Devices/HTCVive/BaseTexture.uasset" 527
"../../../Engine/Plugins/Runtime/OpenXR/Content/Devices/HTCVive/BaseTexture.uexp" 528
"../../../Engine/Plugins/Runtime/OpenXR/Content/Devices/HTCVive/BaseTexture.ubulk" 529
"../../../Engine/Plugins/Runtime/OpenXR/Content/Devices/HTCVive/MI_HTCVive.uasset" 530
"../../../Engine/Plugins/Runtime/OpenXR/Content/Devices/HTCVive/MI_HTCVive.uexp" 531
"../../../Engine/Plugins/Runtime/OpenXR/Content/Devices/HTCVive/HTCViveController.uasset" 532
"../../../Engine/Plugins/Runtime/OpenXR/Content/Devices/HTCVive/HTCViveController.uexp" 533
"../../../Engine/Plugins/Runtime/OpenXR/Content/Devices/MicrosoftMixedReality/NormalTexture.uasset" 534
"../../../Engine/Plugins/Runtime/OpenXR/Content/Devices/MicrosoftMixedReality/NormalTexture.uexp" 535
"../../../Engine/Plugins/Runtime/OpenXR/Content/Devices/MicrosoftMixedReality/NormalTexture.ubulk" 536
"../../../Engine/Plugins/Runtime/OpenXR/Content/Devices/MicrosoftMixedReality/MRTexture.uasset" 537
"../../../Engine/Plugins/Runtime/OpenXR/Content/Devices/MicrosoftMixedReality/MRTexture.uexp" 538
"../../../Engine/Plugins/Runtime/OpenXR/Content/Devices/MicrosoftMixedReality/MRTexture.ubulk" 539
"../../../Engine/Plugins/Runtime/OpenXR/Content/Devices/MicrosoftMixedReality/EmissiveTexture.uasset" 540
"../../../Engine/Plugins/Runtime/OpenXR/Content/Devices/MicrosoftMixedReality/EmissiveTexture.uexp" 541
"../../../Engine/Plugins/Runtime/OpenXR/Content/Devices/MicrosoftMixedReality/EmissiveTexture.ubulk" 542
"../../../Engine/Plugins/Runtime/OpenXR/Content/Devices/MicrosoftMixedReality/BaseTexture.uasset" 543
"../../../Engine/Plugins/Runtime/OpenXR/Content/Devices/MicrosoftMixedReality/BaseTexture.uexp" 544
"../../../Engine/Plugins/Runtime/OpenXR/Content/Devices/MicrosoftMixedReality/BaseTexture.ubulk" 545
"../../../Engine/Plugins/Runtime/OpenXR/Content/Devices/MicrosoftMixedReality/MI_MicrosoftMixedReality.uasset" 546
"../../../Engine/Plugins/Runtime/OpenXR/Content/Devices/MicrosoftMixedReality/MI_MicrosoftMixedReality.uexp" 547
"../../../Engine/Plugins/Runtime/OpenXR/Content/Devices/MicrosoftMixedReality/Left/left_MicrosoftMixedRealityController.uasset" 548
"../../../Engine/Plugins/Runtime/OpenXR/Content/Devices/MicrosoftMixedReality/Left/left_MicrosoftMixedRealityController.uexp" 549
"../../../Engine/Plugins/Runtime/OpenXR/Content/Devices/MicrosoftMixedReality/Right/right_MicrosoftMixedRealityController.uasset" 550
"../../../Engine/Plugins/Runtime/OpenXR/Content/Devices/MicrosoftMixedReality/Right/right_MicrosoftMixedRealityController.uexp" 551
"../../../Engine/Plugins/Runtime/OpenXR/Content/Devices/OculusGo/BaseTexture.uasset" 552
"../../../Engine/Plugins/Runtime/OpenXR/Content/Devices/OculusGo/BaseTexture.uexp" 553
"../../../Engine/Plugins/Runtime/OpenXR/Content/Devices/OculusGo/BaseTexture.ubulk" 554
"../../../Engine/Plugins/Runtime/OpenXR/Content/Devices/OculusGo/MI_OculusGo.uasset" 555
"../../../Engine/Plugins/Runtime/OpenXR/Content/Devices/OculusGo/MI_OculusGo.uexp" 556
"../../../Engine/Plugins/Runtime/OpenXR/Content/Devices/OculusGo/OculusGoController.uasset" 557
"../../../Engine/Plugins/Runtime/OpenXR/Content/Devices/OculusGo/OculusGoController.uexp" 558
"../../../Engine/Plugins/Runtime/OpenXR/Content/Devices/OculusTouch/MRTexture.uasset" 559
"../../../Engine/Plugins/Runtime/OpenXR/Content/Devices/OculusTouch/MRTexture.uexp" 560
"../../../Engine/Plugins/Runtime/OpenXR/Content/Devices/OculusTouch/MRTexture.ubulk" 561
"../../../Engine/Plugins/Runtime/OpenXR/Content/Devices/OculusTouch/BaseTexture.uasset" 562
"../../../Engine/Plugins/Runtime/OpenXR/Content/Devices/OculusTouch/BaseTexture.uexp" 563
"../../../Engine/Plugins/Runtime/OpenXR/Content/Devices/OculusTouch/BaseTexture.ubulk" 564
"../../../Engine/Plugins/Runtime/OpenXR/Content/Devices/OculusTouch/MI_OculusTouch.uasset" 565
"../../../Engine/Plugins/Runtime/OpenXR/Content/Devices/OculusTouch/MI_OculusTouch.uexp" 566
"../../../Engine/Plugins/Runtime/OpenXR/Content/Devices/OculusTouch/Left/left_OculusTouchController.uasset" 567
"../../../Engine/Plugins/Runtime/OpenXR/Content/Devices/OculusTouch/Left/left_OculusTouchController.uexp" 568
"../../../Engine/Plugins/Runtime/OpenXR/Content/Devices/OculusTouch/Right/right_OculusTouchController.uasset" 569
"../../../Engine/Plugins/Runtime/OpenXR/Content/Devices/OculusTouch/Right/right_OculusTouchController.uexp" 570
"../../../Engine/Plugins/Runtime/OpenXR/Content/Devices/OculusTouch_v2/MRTexture.uasset" 571
"../../../Engine/Plugins/Runtime/OpenXR/Content/Devices/OculusTouch_v2/MRTexture.uexp" 572
"../../../Engine/Plugins/Runtime/OpenXR/Content/Devices/OculusTouch_v2/MRTexture.ubulk" 573
"../../../Engine/Plugins/Runtime/OpenXR/Content/Devices/OculusTouch_v2/BaseTexture.uasset" 574
"../../../Engine/Plugins/Runtime/OpenXR/Content/Devices/OculusTouch_v2/BaseTexture.uexp" 575
"../../../Engine/Plugins/Runtime/OpenXR/Content/Devices/OculusTouch_v2/BaseTexture.ubulk" 576
"../../../Engine/Plugins/Runtime/OpenXR/Content/Devices/OculusTouch_v2/MI_OculusTouch_v2.uasset" 577
"../../../Engine/Plugins/Runtime/OpenXR/Content/Devices/OculusTouch_v2/MI_OculusTouch_v2.uexp" 578
"../../../Engine/Plugins/Runtime/OpenXR/Content/Devices/OculusTouch_v2/Left/left_OculusTouch_v2Controller.uasset" 579
"../../../Engine/Plugins/Runtime/OpenXR/Content/Devices/OculusTouch_v2/Left/left_OculusTouch_v2Controller.uexp" 580
"../../../Engine/Plugins/Runtime/OpenXR/Content/Devices/OculusTouch_v2/Right/right_OculusTouch_v2Controller.uasset" 581
"../../../Engine/Plugins/Runtime/OpenXR/Content/Devices/OculusTouch_v2/Right/right_OculusTouch_v2Controller.uexp" 582
"../../../Engine/Plugins/Runtime/OpenXR/Content/Devices/OculusTouch_v3/MRTexture.uasset" 583
"../../../Engine/Plugins/Runtime/OpenXR/Content/Devices/OculusTouch_v3/MRTexture.uexp" 584
"../../../Engine/Plugins/Runtime/OpenXR/Content/Devices/OculusTouch_v3/MRTexture.ubulk" 585
"../../../Engine/Plugins/Runtime/OpenXR/Content/Devices/OculusTouch_v3/BaseTexture.uasset" 586
"../../../Engine/Plugins/Runtime/OpenXR/Content/Devices/OculusTouch_v3/BaseTexture.uexp" 587
"../../../Engine/Plugins/Runtime/OpenXR/Content/Devices/OculusTouch_v3/BaseTexture.ubulk" 588
"../../../Engine/Plugins/Runtime/OpenXR/Content/Devices/OculusTouch_v3/MI_OculusTouch_v3.uasset" 589
"../../../Engine/Plugins/Runtime/OpenXR/Content/Devices/OculusTouch_v3/MI_OculusTouch_v3.uexp" 590
"../../../Engine/Plugins/Runtime/OpenXR/Content/Devices/OculusTouch_v3/Left/left_OculusTouch_v3Controller.uasset" 591
"../../../Engine/Plugins/Runtime/OpenXR/Content/Devices/OculusTouch_v3/Left/left_OculusTouch_v3Controller.uexp" 592
"../../../Engine/Plugins/Runtime/OpenXR/Content/Devices/OculusTouch_v3/Right/right_OculusTouch_v3Controller.uasset" 593
"../../../Engine/Plugins/Runtime/OpenXR/Content/Devices/OculusTouch_v3/Right/right_OculusTouch_v3Controller.uexp" 594
"../../../Engine/Plugins/Runtime/OpenXR/Content/Devices/ValveIndex/MRTexture.uasset" 595
"../../../Engine/Plugins/Runtime/OpenXR/Content/Devices/ValveIndex/MRTexture.uexp" 596
"../../../Engine/Plugins/Runtime/OpenXR/Content/Devices/ValveIndex/MRTexture.ubulk" 597
"../../../Engine/Plugins/Runtime/OpenXR/Content/Devices/ValveIndex/BaseTexture.uasset" 598
"../../../Engine/Plugins/Runtime/OpenXR/Content/Devices/ValveIndex/BaseTexture.uexp" 599
"../../../Engine/Plugins/Runtime/OpenXR/Content/Devices/ValveIndex/BaseTexture.ubulk" 600
"../../../Engine/Plugins/Runtime/OpenXR/Content/Devices/ValveIndex/Left/MI_left_ValveIndex.uasset" 601
"../../../Engine/Plugins/Runtime/OpenXR/Content/Devices/ValveIndex/Left/MI_left_ValveIndex.uexp" 602
"../../../Engine/Plugins/Runtime/OpenXR/Content/Devices/ValveIndex/Left/left_ValveIndexController.uasset" 603
"../../../Engine/Plugins/Runtime/OpenXR/Content/Devices/ValveIndex/Left/left_ValveIndexController.uexp" 604
"../../../Engine/Plugins/Runtime/OpenXR/Content/Devices/ValveIndex/Right/MI_right_ValveIndex.uasset" 605
"../../../Engine/Plugins/Runtime/OpenXR/Content/Devices/ValveIndex/Right/MI_right_ValveIndex.uexp" 606
"../../../Engine/Plugins/Runtime/OpenXR/Content/Devices/ValveIndex/Right/right_ValveIndexController.uasset" 607
"../../../Engine/Plugins/Runtime/OpenXR/Content/Devices/ValveIndex/Right/right_ValveIndexController.uexp" 608
"../../../Engine/Content/Functions/Engine_MaterialFunctions02/Utility/BreakOutFloat4Components.uasset" 609
"../../../Engine/Content/Functions/Engine_MaterialFunctions02/Utility/BreakOutFloat4Components.uexp" 610
"../../../Engine/Content/Functions/Engine_MaterialFunctions02/Utility/MakeFloat3.uasset" 611
"../../../Engine/Content/Functions/Engine_MaterialFunctions02/Utility/MakeFloat3.uexp" 612
"../../../Engine/Plugins/Runtime/Oculus/OculusVR/Content/Materials/OculusMR_ChromaKey.uasset" 613
"../../../Engine/Plugins/Runtime/Oculus/OculusVR/Content/Materials/OculusMR_ChromaKey.uexp" 614
"../../../Engine/Plugins/Runtime/Oculus/OculusVR/Content/Materials/OculusMR_OpaqueColoredMaterial.uasset" 615
"../../../Engine/Plugins/Runtime/Oculus/OculusVR/Content/Materials/OculusMR_OpaqueColoredMaterial.uexp" 616
"../../../Engine/Plugins/Runtime/Oculus/OculusVR/Content/Materials/PokeAHoleMaterial.uasset" 617
"../../../Engine/Plugins/Runtime/Oculus/OculusVR/Content/Materials/PokeAHoleMaterial.uexp" 618
"../../../Engine/Plugins/Runtime/Oculus/OculusVR/Content/Textures/touchController_controlmap.uasset" 619
"../../../Engine/Plugins/Runtime/Oculus/OculusVR/Content/Textures/touchController_controlmap.uexp" 620
"../../../Engine/Plugins/Runtime/Oculus/OculusVR/Content/Textures/touchController_controlmap.ubulk" 621
"../../../Engine/Plugins/Runtime/Oculus/OculusVR/Content/Textures/touchController_albedo.uasset" 622
"../../../Engine/Plugins/Runtime/Oculus/OculusVR/Content/Textures/touchController_albedo.uexp" 623
"../../../Engine/Plugins/Runtime/Oculus/OculusVR/Content/Textures/touchController_albedo.ubulk" 624
"../../../Engine/Plugins/Runtime/Oculus/OculusVR/Content/Materials/touchController_mat.uasset" 625
"../../../Engine/Plugins/Runtime/Oculus/OculusVR/Content/Materials/touchController_mat.uexp" 626
"../../../Engine/Plugins/Runtime/Oculus/OculusVR/Content/Meshes/LeftTouchController.uasset" 627
"../../../Engine/Plugins/Runtime/Oculus/OculusVR/Content/Meshes/LeftTouchController.uexp" 628
"../../../Engine/Plugins/Runtime/Oculus/OculusVR/Content/Textures/TouchForQuestRiftSController_albedo.uasset" 629
"../../../Engine/Plugins/Runtime/Oculus/OculusVR/Content/Textures/TouchForQuestRiftSController_albedo.uexp" 630
"../../../Engine/Plugins/Runtime/Oculus/OculusVR/Content/Textures/TouchForQuestRiftSController_albedo.ubulk" 631
"../../../Engine/Plugins/Runtime/Oculus/OculusVR/Content/Materials/TouchForQuestRiftSControllerMaterial.uasset" 632
"../../../Engine/Plugins/Runtime/Oculus/OculusVR/Content/Materials/TouchForQuestRiftSControllerMaterial.uexp" 633
"../../../Engine/Plugins/Runtime/Oculus/OculusVR/Content/Meshes/LeftTouchForQuestRiftSController.uasset" 634
"../../../Engine/Plugins/Runtime/Oculus/OculusVR/Content/Meshes/LeftTouchForQuestRiftSController.uexp" 635
"../../../Engine/Plugins/Runtime/Oculus/OculusVR/Content/Meshes/RiftHMD.uasset" 636
"../../../Engine/Plugins/Runtime/Oculus/OculusVR/Content/Meshes/RiftHMD.uexp" 637
"../../../Engine/Plugins/Runtime/Oculus/OculusVR/Content/Meshes/RightTouchController.uasset" 638
"../../../Engine/Plugins/Runtime/Oculus/OculusVR/Content/Meshes/RightTouchController.uexp" 639
"../../../Engine/Plugins/Runtime/Oculus/OculusVR/Content/Meshes/RightTouchForQuestRiftSController.uasset" 640
"../../../Engine/Plugins/Runtime/Oculus/OculusVR/Content/Meshes/RightTouchForQuestRiftSController.uexp" 641
"C:/Users/bot_/Desktop/HR-ASSESMENT/Assesment/Content/ThirdPersonBP/Sound/synthwave-80s-retro-background-music-329439.uasset" 642
"C:/Users/bot_/Desktop/HR-ASSESMENT/Assesment/Content/ThirdPersonBP/Sound/synthwave-80s-retro-background-music-329439.uexp" 643
"C:/Users/bot_/Desktop/HR-ASSESMENT/Assesment/Content/ThirdPersonBP/Other/WG_Start.uasset" 644
"C:/Users/bot_/Desktop/HR-ASSESMENT/Assesment/Content/ThirdPersonBP/Other/WG_Start.uexp" 645
"C:/Users/bot_/Desktop/HR-ASSESMENT/Assesment/Content/ThirdPersonBP/Blueprints/GM_Null.uasset" 646
"C:/Users/bot_/Desktop/HR-ASSESMENT/Assesment/Content/ThirdPersonBP/Blueprints/GM_Null.uexp" 647
"C:/Users/bot_/Desktop/HR-ASSESMENT/Assesment/Content/ThirdPersonBP/Maps/startlevel.uexp" 648
"C:/Users/bot_/Desktop/HR-ASSESMENT/Assesment/Content/ThirdPersonBP/Maps/startlevel.umap" 649
"../../../Engine/Content/EngineSky/T_Sky_Stars.uasset" 650
"../../../Engine/Content/EngineSky/T_Sky_Stars.uexp" 651
"../../../Engine/Content/EngineSky/T_Sky_Stars.ubulk" 652
"../../../Engine/Content/EngineSky/T_Sky_Clouds_M.uasset" 653
"../../../Engine/Content/EngineSky/T_Sky_Clouds_M.uexp" 654
"../../../Engine/Content/EngineSky/T_Sky_Clouds_M.ubulk" 655
"../../../Engine/Content/EngineSky/T_Sky_Blue.uasset" 656
"../../../Engine/Content/EngineSky/T_Sky_Blue.uexp" 657
"../../../Engine/Content/EngineSky/T_Sky_Blue.ubulk" 658
"../../../Engine/Content/EngineSky/M_Sky_Panning_Clouds2.uasset" 659
"../../../Engine/Content/EngineSky/M_Sky_Panning_Clouds2.uexp" 660
"../../../Engine/Content/EngineSky/SM_SkySphere.uasset" 661
"../../../Engine/Content/EngineSky/SM_SkySphere.uexp" 662
"../../../Engine/Content/EngineSky/C_Sky_Zenith_Color.uasset" 663
"../../../Engine/Content/EngineSky/C_Sky_Zenith_Color.uexp" 664
"../../../Engine/Content/EngineSky/C_Sky_Horizon_Color.uasset" 665
"../../../Engine/Content/EngineSky/C_Sky_Horizon_Color.uexp" 666
"../../../Engine/Content/EngineSky/C_Sky_Cloud_Color.uasset" 667
"../../../Engine/Content/EngineSky/C_Sky_Cloud_Color.uexp" 668
"../../../Engine/Content/EngineSky/BP_Sky_Sphere.uasset" 669
"../../../Engine/Content/EngineSky/BP_Sky_Sphere.uexp" 670
"C:/Users/bot_/Desktop/HR-ASSESMENT/Assesment/Content/ThirdPersonBP/Sound/8-bit-retro-game-music-233964.uasset" 671
"C:/Users/bot_/Desktop/HR-ASSESMENT/Assesment/Content/ThirdPersonBP/Sound/8-bit-retro-game-music-233964.uexp" 672
"C:/Users/bot_/Desktop/HR-ASSESMENT/Assesment/Content/ThirdPersonBP/Maps/ThirdPersonExampleMap_BuiltData.uasset" 673
"C:/Users/bot_/Desktop/HR-ASSESMENT/Assesment/Content/ThirdPersonBP/Maps/ThirdPersonExampleMap_BuiltData.uexp" 674
"C:/Users/bot_/Desktop/HR-ASSESMENT/Assesment/Content/ThirdPersonBP/Maps/ThirdPersonExampleMap_BuiltData.ubulk" 675
"../../../Engine/Content/BasicShapes/Cube.uasset" 676
"../../../Engine/Content/BasicShapes/Cube.uexp" 677
"../../../Engine/Content/BasicShapes/BasicShapeMaterial.uasset" 678
"../../../Engine/Content/BasicShapes/BasicShapeMaterial.uexp" 679
"C:/Users/bot_/Desktop/HR-ASSESMENT/Assesment/Content/ThirdPersonBP/Other/M_Obstacle.uasset" 680
"C:/Users/bot_/Desktop/HR-ASSESMENT/Assesment/Content/ThirdPersonBP/Other/M_Obstacle.uexp" 681
"C:/Users/bot_/Desktop/HR-ASSESMENT/Assesment/Content/ThirdPersonBP/Blueprints/BP_Obstacle.uasset" 682
"C:/Users/bot_/Desktop/HR-ASSESMENT/Assesment/Content/ThirdPersonBP/Blueprints/BP_Obstacle.uexp" 683
"../../../Engine/Content/BasicShapes/Sphere.uasset" 684
"../../../Engine/Content/BasicShapes/Sphere.uexp" 685
"C:/Users/bot_/Desktop/HR-ASSESMENT/Assesment/Content/ThirdPersonBP/Sound/coin-257878.uasset" 686
"C:/Users/bot_/Desktop/HR-ASSESMENT/Assesment/Content/ThirdPersonBP/Sound/coin-257878.uexp" 687
"C:/Users/bot_/Desktop/HR-ASSESMENT/Assesment/Content/ThirdPersonBP/Other/M_Coin.uasset" 688
"C:/Users/bot_/Desktop/HR-ASSESMENT/Assesment/Content/ThirdPersonBP/Other/M_Coin.uexp" 689
"C:/Users/bot_/Desktop/HR-ASSESMENT/Assesment/Content/ThirdPersonBP/Blueprints/BP_Coin.uasset" 690
"C:/Users/bot_/Desktop/HR-ASSESMENT/Assesment/Content/ThirdPersonBP/Blueprints/BP_Coin.uexp" 691
"C:/Users/bot_/Desktop/HR-ASSESMENT/Assesment/Content/ThirdPersonBP/Blueprints/BP_Floor.uasset" 692
"C:/Users/bot_/Desktop/HR-ASSESMENT/Assesment/Content/ThirdPersonBP/Blueprints/BP_Floor.uexp" 693
"C:/Users/bot_/Desktop/HR-ASSESMENT/Assesment/Content/ThirdPerson/Meshes/Bump_StaticMesh.uasset" 694
"C:/Users/bot_/Desktop/HR-ASSESMENT/Assesment/Content/ThirdPerson/Meshes/Bump_StaticMesh.uexp" 695
"C:/Users/bot_/Desktop/HR-ASSESMENT/Assesment/Content/ThirdPersonBP/Maps/ThirdPersonExampleMap.uexp" 696
"C:/Users/bot_/Desktop/HR-ASSESMENT/Assesment/Content/ThirdPersonBP/Maps/ThirdPersonExampleMap.umap" 697
"../../../Engine/Content/Maps/Entry_BuiltData.uasset" 698
"../../../Engine/Content/Maps/Entry_BuiltData.uexp" 699
"../../../Engine/Content/Maps/Entry.uexp" 700
"../../../Engine/Content/Maps/Entry.umap" 701
